[debug] [2022-12-29T13:08:17.576Z] ----------------------------------------------------------------------
[debug] [2022-12-29T13:08:17.577Z] Command:       C:\Program Files\nodejs\node.exe C:\Users\pc\AppData\Roaming\npm\node_modules\firebase-tools\lib\bin\firebase.js deploy
[debug] [2022-12-29T13:08:17.577Z] CLI Version:   11.15.0
[debug] [2022-12-29T13:08:17.578Z] Platform:      win32
[debug] [2022-12-29T13:08:17.578Z] Node Version:  v16.16.0
[debug] [2022-12-29T13:08:17.580Z] Time:          Thu Dec 29 2022 19:08:17 GMT+0600 (Bangladesh Standard Time)
[debug] [2022-12-29T13:08:17.580Z] ----------------------------------------------------------------------
[debug] 
[debug] [2022-12-29T13:08:17.634Z] > command requires scopes: ["email","openid","https://www.googleapis.com/auth/cloudplatformprojects.readonly","https://www.googleapis.com/auth/firebase","https://www.googleapis.com/auth/cloud-platform"]
[debug] [2022-12-29T13:08:17.634Z] > authorizing via signed-in user (sanjidaakterafia0307@gmail.com)
[debug] [2022-12-29T13:08:17.634Z] [iam] checking project todo-app-7ea5b for permissions ["firebase.projects.get","firebasehosting.sites.update"]
[debug] [2022-12-29T13:08:17.636Z] > refreshing access token with scopes: []
[debug] [2022-12-29T13:08:17.637Z] >>> [apiv2][query] POST https://www.googleapis.com/oauth2/v3/token [none]
[debug] [2022-12-29T13:08:17.637Z] >>> [apiv2][body] POST https://www.googleapis.com/oauth2/v3/token [omitted]
[debug] [2022-12-29T13:08:17.942Z] <<< [apiv2][status] POST https://www.googleapis.com/oauth2/v3/token 200
[debug] [2022-12-29T13:08:17.943Z] <<< [apiv2][body] POST https://www.googleapis.com/oauth2/v3/token [omitted]
[debug] [2022-12-29T13:08:17.948Z] >>> [apiv2][query] POST https://cloudresourcemanager.googleapis.com/v1/projects/todo-app-7ea5b:testIamPermissions [none]
[debug] [2022-12-29T13:08:17.948Z] >>> [apiv2][(partial)header] POST https://cloudresourcemanager.googleapis.com/v1/projects/todo-app-7ea5b:testIamPermissions x-goog-quota-user=projects/todo-app-7ea5b
[debug] [2022-12-29T13:08:17.948Z] >>> [apiv2][body] POST https://cloudresourcemanager.googleapis.com/v1/projects/todo-app-7ea5b:testIamPermissions {"permissions":["firebase.projects.get","firebasehosting.sites.update"]}
[debug] [2022-12-29T13:08:19.142Z] <<< [apiv2][status] POST https://cloudresourcemanager.googleapis.com/v1/projects/todo-app-7ea5b:testIamPermissions 200
[debug] [2022-12-29T13:08:19.142Z] <<< [apiv2][body] POST https://cloudresourcemanager.googleapis.com/v1/projects/todo-app-7ea5b:testIamPermissions {"permissions":["firebase.projects.get","firebasehosting.sites.update"]}
[debug] [2022-12-29T13:08:19.143Z] >>> [apiv2][query] GET https://firebase.googleapis.com/v1beta1/projects/todo-app-7ea5b [none]
[debug] [2022-12-29T13:08:19.675Z] <<< [apiv2][status] GET https://firebase.googleapis.com/v1beta1/projects/todo-app-7ea5b 200
[debug] [2022-12-29T13:08:19.675Z] <<< [apiv2][body] GET https://firebase.googleapis.com/v1beta1/projects/todo-app-7ea5b {"projectId":"todo-app-7ea5b","projectNumber":"958579446937","displayName":"todo-app","name":"projects/todo-app-7ea5b","resources":{"hostingSite":"todo-app-7ea5b"},"state":"ACTIVE","etag":"1_a9bb5686-70cd-4f18-9667-cc96452c7f09"}
[info] 
[info] === Deploying to 'todo-app-7ea5b'...
[info] 
[info] i  deploying hosting 
[debug] [2022-12-29T13:08:19.677Z] >>> [apiv2][query] POST https://firebasehosting.googleapis.com/v1beta1/projects/-/sites/todo-app-7ea5b/versions [none]
[debug] [2022-12-29T13:08:19.677Z] >>> [apiv2][body] POST https://firebasehosting.googleapis.com/v1beta1/projects/-/sites/todo-app-7ea5b/versions {"status":"CREATED","labels":{"deployment-tool":"cli-firebase"}}
[debug] [2022-12-29T13:08:21.238Z] <<< [apiv2][status] POST https://firebasehosting.googleapis.com/v1beta1/projects/-/sites/todo-app-7ea5b/versions 200
[debug] [2022-12-29T13:08:21.238Z] <<< [apiv2][body] POST https://firebasehosting.googleapis.com/v1beta1/projects/-/sites/todo-app-7ea5b/versions {"name":"projects/958579446937/sites/todo-app-7ea5b/versions/2ef543cd2ea96982","status":"CREATED","config":{},"labels":{"deployment-tool":"cli-firebase"}}
[info] i  hosting[todo-app-7ea5b]: beginning deploy... 
[info] i  hosting[todo-app-7ea5b]: found 16 files in build 
[debug] [2022-12-29T13:08:21.250Z] [hosting] uploading with 200 concurrency
[debug] [2022-12-29T13:08:21.256Z] [hosting] hash cache [YnVpbGQ] stored for 16 files
[debug] [2022-12-29T13:08:21.256Z] [hosting][hash queue][FINAL] {"max":1,"min":0,"avg":0,"active":0,"complete":16,"success":16,"errored":0,"retried":0,"total":16,"elapsed":3}
[debug] [2022-12-29T13:08:21.256Z] >>> [apiv2][query] POST https://firebasehosting.googleapis.com/v1beta1/projects/958579446937/sites/todo-app-7ea5b/versions/2ef543cd2ea96982:populateFiles [none]
[debug] [2022-12-29T13:08:21.256Z] >>> [apiv2][body] POST https://firebasehosting.googleapis.com/v1beta1/projects/958579446937/sites/todo-app-7ea5b/versions/2ef543cd2ea96982:populateFiles {"files":{"/asset-manifest.json":"0ab7b34714586282a2c71ef456db1851afbf2376244ccb5ba92eddb430b1927a","/favicon.ico":"eae62e993eb980ec8a25058c39d5a51feab118bd2100c4deebb2a9c158ec11f9","/index.html":"3ab653689c50728e3c8098a0d62000e51fd3efc0a8a4b696c1cc51681d7ba8d4","/logo192.png":"3ee59515172ee198f3be375979df15ac5345183e656720a381b8872b2a39dc8b","/logo512.png":"ee7e2f3fdb8209c4b6fd7bef6ba50d1b9dba30a25bb5c3126df057e1cb6f5331","/manifest.json":"aff3449bdc238776f5d6d967f19ec491b36aed5fb7f23ccff6500736fd58494a","/robots.txt":"bfe106a3fb878dc83461c86818bf74fc1bdc7f28538ba613cd3e775516ce8b49","/static/css/main.86f1af6c.css":"7adc3ef98a647158f25f9bf69af41bbc7855e93e88d6b9b756d09b87701940ea","/static/css/main.86f1af6c.css.map":"1962786d176901510f9198ebfe7cb946f40949943339fbf9ecf9f0d4b7f264fb","/static/js/787.2843ca88.chunk.js":"e74e812faed014c01c1c6954677ebd75b83589a228daaff82d159698ea2d0dc9","/static/js/787.2843ca88.chunk.js.map":"7c37e812ebd98fe0064b8ef60b368321b21c1ae3cbe223fcd18c2b47e1ccf48e","/static/js/main.4538ac52.js":"d01911ae673b944bea28e7d81608eca0306b113a97101267cd5ef10f6ee5751d","/static/js/main.4538ac52.js.LICENSE.txt":"f388baf87160c8b18ce7adcade2c00098005186e13365dc087282d0d98278425","/static/js/main.4538ac52.js.map":"ff079a5f0c3976062b9c4335e7a2477362db70cbfeb6170ab234984a35f14e0f","/static/media/istockphoto-1142608291-612x612.c64eb25e61c26d91ef03.jpg":"c9e40710dcd3086bf159d3b4afdc9a1fd4395b7bbf2917c65644d924edf9d97a","/static/media/logo.6ce24c58023cc2f8fd88fe9d219db6c6.svg":"ac1a3d8899432561573d6a5cf56459437c09b902599a1deb91c0f8d4bb40459d"}}
